<?xml version="1.0" encoding="UTF-8"?>
<!-- Generated by org.testng.reporters.JUnitXMLReporter -->
<testsuite ignored="0" hostname="DESKTOP-GE7A7DT" failures="1" tests="1" name="EdgeTest" time="0.207" errors="0" timestamp="2023-10-21T10:05:34 IST">
  <testcase classname="org.sample.CrossSample" name="tc1" time="0.0">
    <failure type="org.testng.TestNGException" message="
Parameter &amp;apos;broswer&amp;apos; is required by @Test on method tc1 but has not been marked @Optional or defined
in E:\Software Testing\Eclipse_Commiters\MavenProject\crossBrowser.xml">
      <![CDATA[org.testng.TestNGException: 
Parameter 'broswer' is required by @Test on method tc1 but has not been marked @Optional or defined
in E:\Software Testing\Eclipse_Commiters\MavenProject\crossBrowser.xml
at java.base/java.util.ArrayList.forEach(ArrayList.java:1511)
at java.base/java.util.concurrent.FutureTask.run(FutureTask.java:264)
at java.base/java.util.concurrent.ThreadPoolExecutor.runWorker(ThreadPoolExecutor.java:1136)
at java.base/java.util.concurrent.ThreadPoolExecutor$Worker.run(ThreadPoolExecutor.java:635)
at java.base/java.lang.Thread.run(Thread.java:833)
... Removed 17 stack frames]]>
    </failure>
  </testcase> <!-- tc1 -->
</testsuite> <!-- EdgeTest -->
